<?xml version="1.0" encoding="UTF-8"?>
<!-- Generated by org.testng.reporters.JUnitReportReporter -->
<testsuite hostname="DESKTOP-0C0TAH5" failures="0" tests="3" name="testCases.TC_004_SearchProductTest" time="2.885" errors="0" timestamp="2026-07-04T14:09:35 IST" skipped="0">
  <testcase classname="testCases.TC_004_SearchProductTest" name="verify_pruductSearch" time="1.048"/>
  <testcase classname="testCases.TC_004_SearchProductTest" name="verify_pruductSearch" time="0.912"/>
  <testcase classname="testCases.TC_004_SearchProductTest" name="verify_pruductSearch" time="0.925"/>
</testsuite> <!-- testCases.TC_004_SearchProductTest -->
